0 info it worked if it ends with ok
1 verbose cli [ 'C:\\Program Files\\nodejs\\node.exe',
1 verbose cli   'C:\\Program Files\\nodejs\\node_modules\\npm\\bin\\npm-cli.js',
1 verbose cli   'install',
1 verbose cli   'bootstrap',
1 verbose cli   '--save' ]
2 info using npm@3.10.10
3 info using node@v6.10.1
4 silly loadCurrentTree Starting
5 silly install loadCurrentTree
6 silly install readLocalPackageData
7 silly fetchPackageMetaData bootstrap
8 silly fetchNamedPackageData bootstrap
9 silly mapToRegistry name bootstrap
10 silly mapToRegistry using default registry
11 silly mapToRegistry registry https://registry.npmjs.org/
12 silly mapToRegistry data Result {
12 silly mapToRegistry   raw: 'bootstrap',
12 silly mapToRegistry   scope: null,
12 silly mapToRegistry   escapedName: 'bootstrap',
12 silly mapToRegistry   name: 'bootstrap',
12 silly mapToRegistry   rawSpec: '',
12 silly mapToRegistry   spec: 'latest',
12 silly mapToRegistry   type: 'tag' }
13 silly mapToRegistry uri https://registry.npmjs.org/bootstrap
14 verbose request uri https://registry.npmjs.org/bootstrap
15 verbose request no auth needed
16 info attempt registry request try #1 at 11:09:41 AM
17 verbose request id c6c6c3d85c7296ed
18 http request GET https://registry.npmjs.org/bootstrap
19 http 200 https://registry.npmjs.org/bootstrap
20 verbose headers { server: 'nginx/1.10.1',
20 verbose headers   'content-type': 'application/json',
20 verbose headers   'last-modified': 'Thu, 27 Apr 2017 20:48:10 GMT',
20 verbose headers   etag: 'W/"5902590a-c6c8"',
20 verbose headers   'content-encoding': 'gzip',
20 verbose headers   'cache-control': 'max-age=300',
20 verbose headers   'content-length': '9777',
20 verbose headers   'accept-ranges': 'bytes',
20 verbose headers   date: 'Sun, 07 May 2017 05:39:43 GMT',
20 verbose headers   via: '1.1 varnish',
20 verbose headers   age: '135',
20 verbose headers   connection: 'keep-alive',
20 verbose headers   'x-served-by': 'cache-lcy1128-LCY',
20 verbose headers   'x-cache': 'HIT',
20 verbose headers   'x-cache-hits': '1',
20 verbose headers   'x-timer': 'S1494135584.524449,VS0,VE0',
20 verbose headers   vary: 'Accept-Encoding' }
21 silly get cb [ 200,
21 silly get   { server: 'nginx/1.10.1',
21 silly get     'content-type': 'application/json',
21 silly get     'last-modified': 'Thu, 27 Apr 2017 20:48:10 GMT',
21 silly get     etag: 'W/"5902590a-c6c8"',
21 silly get     'content-encoding': 'gzip',
21 silly get     'cache-control': 'max-age=300',
21 silly get     'content-length': '9777',
21 silly get     'accept-ranges': 'bytes',
21 silly get     date: 'Sun, 07 May 2017 05:39:43 GMT',
21 silly get     via: '1.1 varnish',
21 silly get     age: '135',
21 silly get     connection: 'keep-alive',
21 silly get     'x-served-by': 'cache-lcy1128-LCY',
21 silly get     'x-cache': 'HIT',
21 silly get     'x-cache-hits': '1',
21 silly get     'x-timer': 'S1494135584.524449,VS0,VE0',
21 silly get     vary: 'Accept-Encoding' } ]
22 verbose get saving bootstrap to C:\Users\CHAITU\AppData\Roaming\npm-cache\registry.npmjs.org\bootstrap\.cache.json
23 verbose correctMkdir C:\Users\CHAITU\AppData\Roaming\npm-cache correctMkdir not in flight; initializing
24 silly install normalizeTree
25 silly loadCurrentTree Finishing
26 silly loadIdealTree Starting
27 silly install loadIdealTree
28 silly cloneCurrentTree Starting
29 silly install cloneCurrentTreeToIdealTree
30 silly cloneCurrentTree Finishing
31 silly loadShrinkwrap Starting
32 silly install loadShrinkwrap
33 silly loadShrinkwrap Finishing
34 silly loadAllDepsIntoIdealTree Starting
35 silly install loadAllDepsIntoIdealTree
36 silly resolveWithNewModule bootstrap@3.3.7 checking installable status
37 silly cache add args [ 'bootstrap', null ]
38 verbose cache add spec bootstrap
39 silly cache add parsed spec Result {
39 silly cache add   raw: 'bootstrap',
39 silly cache add   scope: null,
39 silly cache add   escapedName: 'bootstrap',
39 silly cache add   name: 'bootstrap',
39 silly cache add   rawSpec: '',
39 silly cache add   spec: 'latest',
39 silly cache add   type: 'tag' }
40 silly addNamed bootstrap@latest
41 verbose addNamed "latest" is being treated as a dist-tag for bootstrap
42 info addNameTag [ 'bootstrap', 'latest' ]
43 silly mapToRegistry name bootstrap
44 silly mapToRegistry using default registry
45 silly mapToRegistry registry https://registry.npmjs.org/
46 silly mapToRegistry data Result {
46 silly mapToRegistry   raw: 'bootstrap',
46 silly mapToRegistry   scope: null,
46 silly mapToRegistry   escapedName: 'bootstrap',
46 silly mapToRegistry   name: 'bootstrap',
46 silly mapToRegistry   rawSpec: '',
46 silly mapToRegistry   spec: 'latest',
46 silly mapToRegistry   type: 'tag' }
47 silly mapToRegistry uri https://registry.npmjs.org/bootstrap
48 verbose addNameTag registry:https://registry.npmjs.org/bootstrap not in flight; fetching
49 verbose get https://registry.npmjs.org/bootstrap not expired, no request
50 silly addNameTag next cb for bootstrap with tag latest
51 silly addNamed bootstrap@3.3.7
52 verbose addNamed "3.3.7" is a plain semver version for bootstrap
53 silly mapToRegistry name bootstrap
54 silly mapToRegistry using default registry
55 silly mapToRegistry registry https://registry.npmjs.org/
56 silly mapToRegistry data Result {
56 silly mapToRegistry   raw: 'bootstrap',
56 silly mapToRegistry   scope: null,
56 silly mapToRegistry   escapedName: 'bootstrap',
56 silly mapToRegistry   name: 'bootstrap',
56 silly mapToRegistry   rawSpec: '',
56 silly mapToRegistry   spec: 'latest',
56 silly mapToRegistry   type: 'tag' }
57 silly mapToRegistry uri https://registry.npmjs.org/bootstrap
58 verbose addRemoteTarball https://registry.npmjs.org/bootstrap/-/bootstrap-3.3.7.tgz not in flight; adding
59 verbose addRemoteTarball [ 'https://registry.npmjs.org/bootstrap/-/bootstrap-3.3.7.tgz',
59 verbose addRemoteTarball   '5a389394549f23330875a3b150656574f8a9eb71' ]
60 info retry fetch attempt 1 at 11:09:43 AM
61 info attempt registry request try #1 at 11:09:43 AM
62 http fetch GET https://registry.npmjs.org/bootstrap/-/bootstrap-3.3.7.tgz
63 http fetch 200 https://registry.npmjs.org/bootstrap/-/bootstrap-3.3.7.tgz
64 info retry will retry, error on last attempt: Error: read ECONNRESET
65 silly fetchAndShaCheck shasum 5a389394549f23330875a3b150656574f8a9eb71
66 silly rollbackFailedOptional Starting
67 silly rollbackFailedOptional Finishing
68 silly runTopLevelLifecycles Finishing
69 silly install printInstalled
70 verbose stack Error: shasum check failed for C:\Users\CHAITU\AppData\Local\Temp\npm-5556-9d7e8a4f\registry.npmjs.org\bootstrap\-\bootstrap-3.3.7.tgz
70 verbose stack Expected: 5a389394549f23330875a3b150656574f8a9eb71
70 verbose stack Actual:   c4f848fd3d5e40fe845ad1f3789912eab527aa6f
70 verbose stack From:     https://registry.npmjs.org/bootstrap/-/bootstrap-3.3.7.tgz
70 verbose stack     at C:\Program Files\nodejs\node_modules\npm\node_modules\sha\index.js:25:8
70 verbose stack     at ReadStream.<anonymous> (C:\Program Files\nodejs\node_modules\npm\node_modules\sha\index.js:72:7)
70 verbose stack     at emitNone (events.js:91:20)
70 verbose stack     at ReadStream.emit (events.js:185:7)
70 verbose stack     at endReadableNT (_stream_readable.js:974:12)
70 verbose stack     at _combinedTickCallback (internal/process/next_tick.js:80:11)
70 verbose stack     at process._tickCallback (internal/process/next_tick.js:104:9)
71 verbose cwd D:\ANGULARJS\ajs_classes
72 error Windows_NT 6.1.7601
73 error argv "C:\\Program Files\\nodejs\\node.exe" "C:\\Program Files\\nodejs\\node_modules\\npm\\bin\\npm-cli.js" "install" "bootstrap" "--save"
74 error node v6.10.1
75 error npm  v3.10.10
76 error shasum check failed for C:\Users\CHAITU\AppData\Local\Temp\npm-5556-9d7e8a4f\registry.npmjs.org\bootstrap\-\bootstrap-3.3.7.tgz
76 error Expected: 5a389394549f23330875a3b150656574f8a9eb71
76 error Actual:   c4f848fd3d5e40fe845ad1f3789912eab527aa6f
76 error From:     https://registry.npmjs.org/bootstrap/-/bootstrap-3.3.7.tgz
77 error If you need help, you may report this error at:
77 error     <https://github.com/npm/npm/issues>
78 verbose exit [ 1, true ]
